[    0.000000] Initializing cgroup subsys cpuset
[    0.000000] Initializing cgroup subsys cpu
[    0.000000] Initializing cgroup subsys cpuacct
[    0.000000] Linux version 4.4.0-210-generic (buildd@lgw01-amd64-009) (gcc version 5.4.0 20160609 (Ubuntu 5.4.0-6ubuntu1~16.04.12) ) #242-Ubuntu SMP Fri Apr 16 09:57:56 UTC 2021 (Ubuntu 4.4.0-210.242-generic 4.4.262)
[    0.000000] Command line: BOOT_IMAGE=/boot/vmlinuz-4.4.0-210-generic root=LABEL=cloudimg-rootfs ro console=tty1 console=ttyS0
[    0.000000] KERNEL supported cpus:
[    0.000000]   Intel GenuineIntel
[    0.000000]   AMD AuthenticAMD
[    0.000000]   Centaur CentaurHauls
[    0.000000] [Firmware Bug]: TSC doesn't count with P0 frequency!
[    0.000000] x86/fpu: xstate_offset[2]:  576, xstate_sizes[2]:  256
[    0.000000] x86/fpu: Supporting XSAVE feature 0x01: 'x87 floating point registers'
[    0.000000] x86/fpu: Supporting XSAVE feature 0x02: 'SSE registers'
[    0.000000] x86/fpu: Supporting XSAVE feature 0x04: 'AVX registers'
[    0.000000] x86/fpu: Enabled xstate features 0x7, context size is 832 bytes, using 'standard' format.
[    0.000000] e820: BIOS-provided physical RAM map:
[    0.000000] BIOS-e820: [mem 0x0000000000000000-0x000000000009fbff] usable
[    0.000000] BIOS-e820: [mem 0x000000000009fc00-0x000000000009ffff] reserved
[    0.000000] BIOS-e820: [mem 0x00000000000f0000-0x00000000000fffff] reserved
[    0.000000] BIOS-e820: [mem 0x0000000000100000-0x000000007ffeffff] usable
[    0.000000] BIOS-e820: [mem 0x000000007fff0000-0x000000007fffffff] ACPI data
[    0.000000] BIOS-e820: [mem 0x00000000fec00000-0x00000000fec00fff] reserved
[    0.000000] BIOS-e820: [mem 0x00000000fee00000-0x00000000fee00fff] reserved
[    0.000000] BIOS-e820: [mem 0x00000000fffc0000-0x00000000ffffffff] reserved
[    0.000000] NX (Execute Disable) protection: active
[    0.000000] SMBIOS 2.5 present.
[    0.000000] Hypervisor detected: KVM
[    0.000000] Kernel/User page tables isolation: disabled
[    0.000000] e820: last_pfn = 0x7fff0 max_arch_pfn = 0x400000000
[    0.000000] MTRR: Disabled
[    0.000000] x86/PAT: MTRRs disabled, skipping PAT initialization too.
[    0.000000] CPU MTRRs all blank - virtualized system.
[    0.000000] x86/PAT: Configuration [0-7]: WB  WT  UC- UC  WB  WT  UC- UC  
[    0.000000] found SMP MP-table at [mem 0x0009fff0-0x0009ffff] mapped at [ffff88000009fff0]
[    0.000000] Scanning 1 areas for low memory corruption
[    0.000000] RAMDISK: [mem 0x362dc000-0x37165fff]
[    0.000000] ACPI: Early table checksum verification disabled
[    0.000000] ACPI: RSDP 0x00000000000E0000 000024 (v02 VBOX  )
[    0.000000] ACPI: XSDT 0x000000007FFF0030 00003C (v01 VBOX   VBOXXSDT 00000001 ASL  00000061)
[    0.000000] ACPI: FACP 0x000000007FFF00F0 0000F4 (v04 VBOX   VBOXFACP 00000001 ASL  00000061)
[    0.000000] ACPI: DSDT 0x000000007FFF0470 002325 (v02 VBOX   VBOXBIOS 00000002 INTL 20100528)
[    0.000000] ACPI: FACS 0x000000007FFF0200 000040
[    0.000000] ACPI: FACS 0x000000007FFF0200 000040
[    0.000000] ACPI: APIC 0x000000007FFF0240 00005C (v02 VBOX   VBOXAPIC 00000001 ASL  00000061)
[    0.000000] ACPI: SSDT 0x000000007FFF02A0 0001CC (v01 VBOX   VBOXCPUT 00000002 INTL 20100528)
[    0.000000] No NUMA configuration found
[    0.000000] Faking a node at [mem 0x0000000000000000-0x000000007ffeffff]
[    0.000000] NODE_DATA(0) allocated [mem 0x7ffeb000-0x7ffeffff]
[    0.000000] kvm-clock: Using msrs 4b564d01 and 4b564d00
[    0.000000] kvm-clock: cpu 0, msr 0:7ffe3001, primary cpu clock
[    0.000000] kvm-clock: using sched offset of 3101708814 cycles
[    0.000000] clocksource: kvm-clock: mask: 0xffffffffffffffff max_cycles: 0x1cd42e4dffb, max_idle_ns: 881590591483 ns
[    0.000000] Zone ranges:
[    0.000000]   DMA      [mem 0x0000000000001000-0x0000000000ffffff]
[    0.000000]   DMA32    [mem 0x0000000001000000-0x000000007ffeffff]
[    0.000000]   Normal   empty
[    0.000000]   Device   empty
[    0.000000] Movable zone start for each node
[    0.000000] Early memory node ranges
[    0.000000]   node   0: [mem 0x0000000000001000-0x000000000009efff]
[    0.000000]   node   0: [mem 0x0000000000100000-0x000000007ffeffff]
[    0.000000] Initmem setup node 0 [mem 0x0000000000001000-0x000000007ffeffff]
[    0.000000] ACPI: PM-Timer IO Port: 0x4008
[    0.000000] IOAPIC[0]: apic_id 2, version 32, address 0xfec00000, GSI 0-23
[    0.000000] ACPI: INT_SRC_OVR (bus 0 bus_irq 0 global_irq 2 dfl dfl)
[    0.000000] ACPI: INT_SRC_OVR (bus 0 bus_irq 9 global_irq 9 low level)
[    0.000000] Using ACPI (MADT) for SMP configuration information
[    0.000000] smpboot: Allowing 2 CPUs, 0 hotplug CPUs
[    0.000000] PM: Registered nosave memory: [mem 0x00000000-0x00000fff]
[    0.000000] PM: Registered nosave memory: [mem 0x0009f000-0x0009ffff]
[    0.000000] PM: Registered nosave memory: [mem 0x000a0000-0x000effff]
[    0.000000] PM: Registered nosave memory: [mem 0x000f0000-0x000fffff]
[    0.000000] e820: [mem 0x80000000-0xfebfffff] available for PCI devices
[    0.000000] Booting paravirtualized kernel on KVM
[    0.000000] clocksource: refined-jiffies: mask: 0xffffffff max_cycles: 0xffffffff, max_idle_ns: 7645519600211568 ns
[    0.000000] setup_percpu: NR_CPUS:512 nr_cpumask_bits:512 nr_cpu_ids:2 nr_node_ids:1
[    0.000000] PERCPU: Embedded 33 pages/cpu @ffff88007fc00000 s95192 r8192 d31784 u1048576
[    0.000000] Built 1 zonelists in Node order, mobility grouping on.  Total pages: 515960
[    0.000000] Policy zone: DMA32
[    0.000000] Kernel command line: BOOT_IMAGE=/boot/vmlinuz-4.4.0-210-generic root=LABEL=cloudimg-rootfs ro console=tty1 console=ttyS0
[    0.000000] PID hash table entries: 4096 (order: 3, 32768 bytes)
[    0.000000] Memory: 2029984K/2096696K available (8644K kernel code, 1332K rwdata, 4044K rodata, 1492K init, 1164K bss, 66712K reserved, 0K cma-reserved)
[    0.000000] SLUB: HWalign=64, Order=0-3, MinObjects=0, CPUs=2, Nodes=1
[    0.000000] Hierarchical RCU implementation.
[    0.000000] 	Build-time adjustment of leaf fanout to 64.
[    0.000000] 	RCU restricting CPUs from NR_CPUS=512 to nr_cpu_ids=2.
[    0.000000] RCU: Adjusting geometry for rcu_fanout_leaf=64, nr_cpu_ids=2
[    0.000000] NR_IRQS:33024 nr_irqs:440 16
[    0.000000] Console: colour VGA+ 80x25
[    0.000000] console [tty1] enabled
[    0.000000] console [ttyS0] enabled
[    0.000000] tsc: Detected 3293.812 MHz processor
[    0.106603] Calibrating delay loop (skipped) preset value.. 6587.62 BogoMIPS (lpj=13175248)
[    0.107733] pid_max: default: 32768 minimum: 301
[    0.108407] ACPI: Core revision 20150930
[    0.109491] ACPI: 2 ACPI AML tables successfully acquired and loaded
[    0.110346] Security Framework initialized
[    0.110893] Yama: becoming mindful.
[    0.111392] AppArmor: AppArmor initialized
[    0.112779] Dentry cache hash table entries: 262144 (order: 9, 2097152 bytes)
[    0.113765] Inode-cache hash table entries: 131072 (order: 8, 1048576 bytes)
[    0.114643] Mount-cache hash table entries: 4096 (order: 3, 32768 bytes)
[    0.115420] Mountpoint-cache hash table entries: 4096 (order: 3, 32768 bytes)
[    0.117151] Initializing cgroup subsys io
[    0.117700] Initializing cgroup subsys memory
[    0.118270] Initializing cgroup subsys devices
[    0.118849] Initializing cgroup subsys freezer
[    0.119426] Initializing cgroup subsys net_cls
[    0.120008] Initializing cgroup subsys perf_event
[    0.120614] Initializing cgroup subsys net_prio
[    0.121216] Initializing cgroup subsys hugetlb
[    0.121789] Initializing cgroup subsys pids
[    0.122533] mce: CPU supports 0 MCE banks
[    0.123090] Last level iTLB entries: 4KB 512, 2MB 512, 4MB 256
[    0.123790] Last level dTLB entries: 4KB 2048, 2MB 2048, 4MB 1024, 1GB 0
[    0.124566] Spectre V1 : Mitigation: usercopy/swapgs barriers and __user pointer sanitization
[    0.125640] Spectre V2 : Spectre mitigation: LFENCE not serializing, switching to generic retpoline
[    0.126765] Spectre V2 : Mitigation: Full generic retpoline
[    0.127443] Spectre V2 : Spectre v2 / SpectreRSB mitigation: Filling RSB on context switch
[    0.128510] Speculative Store Bypass: Vulnerable
[    0.130964] Freeing SMP alternatives memory: 36K
[    0.136064] ftrace: allocating 32380 entries in 127 pages
[    0.175392] smpboot: APIC(0) Converting physical 0 to logical package 0
[    0.176190] smpboot: Max logical packages: 1
[    0.176953] x2apic enabled
[    0.177564] Switched APIC routing to physical x2apic.
[    0.179069] ..TIMER: vector=0x30 apic1=0 pin1=2 apic2=-1 pin2=-1
[    0.287862] APIC calibration not consistent with PM-Timer: 109ms instead of 100ms
[    0.288928] APIC delta adjusted to PM-Timer: 6347227 (6935893)
[    0.289683] smpboot: CPU0: AMD Ryzen 9 5900HS with Radeon Graphics (family: 0x19, model: 0x50, stepping: 0x0)
[    0.291078] Performance Events: Broken PMU hardware detected, using software events only.
[    0.292218] Failed to access perfctr msr (MSR c0010007 is 0)
[    0.297802] KVM setup paravirtual spinlock
[    0.298962] x86: Booting SMP configuration:
[    0.299540] .... node  #0, CPUs:      #1
[    0.300157] kvm-clock: cpu 1, msr 0:7ffe3041, secondary cpu clock
[    0.300846] mce: CPU supports 0 MCE banks
[    0.303168] x86: Booted up 1 node, 2 CPUs
[    0.303878] smpboot: Total of 2 processors activated (13175.24 BogoMIPS)
[    0.304992] devtmpfs: initialized
[    0.306378] evm: security.selinux
[    0.306872] evm: security.SMACK64
[    0.307364] evm: security.SMACK64EXEC
[    0.307885] evm: security.SMACK64TRANSMUTE
[    0.308449] evm: security.SMACK64MMAP
[    0.308971] evm: security.ima
[    0.309435] evm: security.capability
[    0.310077] clocksource: jiffies: mask: 0xffffffff max_cycles: 0xffffffff, max_idle_ns: 7645041785100000 ns
[    0.311466] futex hash table entries: 512 (order: 3, 32768 bytes)
[    0.312307] pinctrl core: initialized pinctrl subsystem
[    0.313055] RTC time: 14:25:44, date: 03/24/22
[    0.313733] NET: Registered protocol family 16
[    0.323874] cpuidle: using governor ladder
[    0.334613] cpuidle: using governor menu
[    0.335373] PCCT header not found.
[    0.336187] ACPI: bus type PCI registered
[    0.341870] acpiphp: ACPI Hot Plug PCI Controller Driver version: 0.5
[    0.343108] PCI: Using configuration type 1 for base access
[    0.343793] PCI: Using configuration type 1 for extended access
[    0.357567] ACPI: Added _OSI(Module Device)
[    0.358185] ACPI: Added _OSI(Processor Device)
[    0.358778] ACPI: Added _OSI(3.0 _SCP Extensions)
[    0.359396] ACPI: Added _OSI(Processor Aggregator Device)
[    0.360429] ACPI: Executed 1 blocks of module-level executable AML code
[    0.362283] ACPI: Interpreter enabled
[    0.362815] ACPI: (supports S0 S5)
[    0.363425] ACPI: Using IOAPIC for interrupt routing
[    0.364231] PCI: Using host bridge windows from ACPI; if necessary, use "pci=nocrs" and report a bug
[    0.367153] ACPI: PCI Root Bridge [PCI0] (domain 0000 [bus 00-ff])
[    0.368077] acpi PNP0A03:00: _OSC: OS supports [ExtendedConfig ASPM ClockPM Segments MSI]
[    0.369586] acpi PNP0A03:00: _OSC: platform does not support [PCIeCapability]
[    0.370572] acpi PNP0A03:00: _OSC: not requesting control; platform does not support [PCIeCapability]
[    0.371777] acpi PNP0A03:00: _OSC: OS requested [PCIeHotplug PME AER PCIeCapability]
[    0.372887] acpi PNP0A03:00: _OSC: platform willing to grant [PCIeHotplug PME AER]
[    0.374094] acpi PNP0A03:00: _OSC failed (AE_SUPPORT); disabling ASPM
[    0.382911] PCI host bridge to bus 0000:00
[    0.383479] pci_bus 0000:00: root bus resource [io  0x0000-0x0cf7 window]
[    0.384277] pci_bus 0000:00: root bus resource [io  0x0d00-0xffff window]
[    0.385097] pci_bus 0000:00: root bus resource [mem 0x000a0000-0x000bffff window]
[    0.386126] pci_bus 0000:00: root bus resource [mem 0x80000000-0xfdffffff window]
[    0.387153] pci_bus 0000:00: root bus resource [bus 00-ff]
[    0.388938] pci 0000:00:01.1: legacy IDE quirk: reg 0x10: [io  0x01f0-0x01f7]
[    0.389774] pci 0000:00:01.1: legacy IDE quirk: reg 0x14: [io  0x03f6]
[    0.390559] pci 0000:00:01.1: legacy IDE quirk: reg 0x18: [io  0x0170-0x0177]
[    0.391385] pci 0000:00:01.1: legacy IDE quirk: reg 0x1c: [io  0x0376]
[    0.402825] pci 0000:00:07.0: quirk: [io  0x4000-0x403f] claimed by PIIX4 ACPI
[    0.403860] pci 0000:00:07.0: quirk: [io  0x4100-0x410f] claimed by PIIX4 SMB
[    0.409473] ACPI: PCI Interrupt Link [LNKA] (IRQs 5 9 10 *11)
[    0.410542] ACPI: PCI Interrupt Link [LNKB] (IRQs 5 9 *10 11)
[    0.411613] ACPI: PCI Interrupt Link [LNKC] (IRQs 5 *9 10 11)
[    0.412673] ACPI: PCI Interrupt Link [LNKD] (IRQs 5 9 10 *11)
[    0.413711] ACPI: Enabled 2 GPEs in block 00 to 07
[    0.414613] vgaarb: setting as boot device: PCI:0000:00:02.0
[    0.415312] vgaarb: device added: PCI:0000:00:02.0,decodes=io+mem,owns=io+mem,locks=none
[    0.416376] vgaarb: loaded
[    0.416808] vgaarb: bridge control possible 0000:00:02.0
[    0.417620] SCSI subsystem initialized
[    0.418259] ACPI: bus type USB registered
[    0.418969] usbcore: registered new interface driver usbfs
[    0.419666] usbcore: registered new interface driver hub
[    0.420518] usbcore: registered new device driver usb
[    0.423059] PCI: Using ACPI for IRQ routing
[    0.427834] NetLabel: Initializing
[    0.428332] NetLabel:  domain hash size = 128
[    0.429051] NetLabel:  protocols = UNLABELED CIPSOv4
[    0.429852] NetLabel:  unlabeled traffic allowed by default
[    0.430644] amd_nb: Cannot enumerate AMD northbridges
[    0.431500] clocksource: Switched to clocksource kvm-clock
[    0.436997] AppArmor: AppArmor Filesystem Enabled
[    0.437635] pnp: PnP ACPI init
[    0.438523] pnp: PnP ACPI: found 3 devices
[    0.446141] clocksource: acpi_pm: mask: 0xffffff max_cycles: 0xffffff, max_idle_ns: 2085701024 ns
[    0.447397] NET: Registered protocol family 2
[    0.448177] TCP established hash table entries: 16384 (order: 5, 131072 bytes)
[    0.449197] TCP bind hash table entries: 16384 (order: 6, 262144 bytes)
[    0.450018] TCP: Hash tables configured (established 16384 bind 16384)
[    0.450817] UDP hash table entries: 1024 (order: 3, 32768 bytes)
[    0.451577] UDP-Lite hash table entries: 1024 (order: 3, 32768 bytes)
[    0.452385] NET: Registered protocol family 1
[    0.452987] pci 0000:00:00.0: Limiting direct PCI/PCI transfers
[    0.453730] pci 0000:00:01.0: Activating ISA DMA hang workarounds
[    0.454857] Unpacking initramfs...
[    0.591905] Freeing initrd memory: 14888K
[    0.592579] clocksource: tsc: mask: 0xffffffffffffffff max_cycles: 0x2f7a76a4ebd, max_idle_ns: 440795230158 ns
[    0.593857] platform rtc_cmos: registered platform RTC device (no PNP device found)
[    0.594900] Scanning for low memory corruption every 60 seconds
[    0.596209] audit: initializing netlink subsys (disabled)
[    0.597082] audit: type=2000 audit(1648131948.918:1): initialized
[    0.597993] Initialise system trusted keyring
[    0.598745] HugeTLB registered 2 MB page size, pre-allocated 0 pages
[    0.600117] zbud: loaded
[    0.600810] VFS: Disk quotas dquot_6.6.0
[    0.601418] VFS: Dquot-cache hash table entries: 512 (order 0, 4096 bytes)
[    0.602376] squashfs: version 4.0 (2009/01/31) Phillip Lougher
[    0.603235] fuse init (API version 7.23)
[    0.604026] Key type big_key registered
[    0.604632] Allocating IMA MOK and blacklist keyrings.
[    0.606146] Key type asymmetric registered
[    0.606733] Asymmetric key parser 'x509' registered
[    0.607400] Block layer SCSI generic (bsg) driver version 0.4 loaded (major 249)
[    0.608514] io scheduler noop registered
[    0.609062] io scheduler deadline registered (default)
[    0.609744] io scheduler cfq registered
[    0.610334] pci_hotplug: PCI Hot Plug PCI Core version: 0.5
[    0.611037] pciehp: PCI Express Hot Plug Controller Driver version: 0.4
[    0.611952] ACPI: AC Adapter [AC] (on-line)
[    0.612643] input: Power Button as /devices/LNXSYSTM:00/LNXPWRBN:00/input/input0
[    0.613669] ACPI: Power Button [PWRF]
[    0.614252] input: Sleep Button as /devices/LNXSYSTM:00/LNXSLPBN:00/input/input1
[    0.615296] ACPI: Sleep Button [SLPF]
[    0.616341] ACPI: Battery Slot [BAT0] (battery present)
[    0.617023] GHES: HEST is not enabled!
[    0.617623] Serial: 8250/16550 driver, 32 ports, IRQ sharing enabled
[    0.638859] 00:02: ttyS0 at I/O 0x3f8 (irq = 4, base_baud = 115200) is a 16550A
[    0.641300] Linux agpgart interface v0.103
[    0.642940] loop: module loaded
[    0.643762] scsi host0: ata_piix
[    0.644316] scsi host1: ata_piix
[    0.644945] ata1: PATA max UDMA/33 cmd 0x1f0 ctl 0x3f6 bmdma 0xd000 irq 14
[    0.645840] ata2: PATA max UDMA/33 cmd 0x170 ctl 0x376 bmdma 0xd008 irq 15
[    0.646714] libphy: Fixed MDIO Bus: probed
[    0.647332] tun: Universal TUN/TAP device driver, 1.6
[    0.647981] tun: (C) 1999-2004 Max Krasnyansky <maxk@qualcomm.com>
[    0.648775] PPP generic driver version 2.4.2
[    0.649409] ehci_hcd: USB 2.0 'Enhanced' Host Controller (EHCI) Driver
[    0.650201] ehci-pci: EHCI PCI platform driver
[    0.650805] ehci-platform: EHCI generic platform driver
[    0.651468] ohci_hcd: USB 1.1 'Open' Host Controller (OHCI) Driver
[    0.652246] ohci-pci: OHCI PCI platform driver
[    0.652843] ohci-platform: OHCI generic platform driver
[    0.653502] uhci_hcd: USB Universal Host Controller Interface driver
[    0.654356] i8042: PNP: PS/2 Controller [PNP0303:PS2K,PNP0f03:PS2M] at 0x60,0x64 irq 1,12
[    0.661936] serio: i8042 KBD port at 0x60,0x64 irq 1
[    0.662645] serio: i8042 AUX port at 0x60,0x64 irq 12
[    0.663402] mousedev: PS/2 mouse device common for all mice
[    0.664461] rtc_cmos rtc_cmos: rtc core: registered rtc_cmos as rtc0
[    0.665265] rtc_cmos rtc_cmos: alarms up to one day, 114 bytes nvram
[    0.666032] i2c /dev entries driver
[    0.666558] device-mapper: uevent: version 1.0.3
[    0.667224] device-mapper: ioctl: 4.34.0-ioctl (2015-10-28) initialised: dm-devel@redhat.com
[    0.668390] input: AT Translated Set 2 keyboard as /devices/platform/i8042/serio0/input/input2
[    0.669620] ledtrig-cpu: registered to indicate activity on CPUs
[    0.676334] NET: Registered protocol family 10
[    0.677071] NET: Registered protocol family 17
[    0.677670] Key type dns_resolver registered
[    0.678509] registered taskstats version 1
[    0.679070] Loading compiled-in X.509 certificates
[    0.680001] Loaded X.509 cert 'Build time autogenerated kernel key: cf00e047681d67edb2720680708b7d9498083038'
[    0.681239] zswap: loaded using pool lzo/zbud
[    0.683019] Key type trusted registered
[    0.685334] Key type encrypted registered
[    0.685890] AppArmor: AppArmor sha1 policy hashing enabled
[    0.686573] ima: No TPM chip found, activating TPM-bypass!
[    0.687252] ima: Allocated hash algorithm: sha1
[    0.687852] evm: HMAC attrs: 0x1
[    0.688566]   Magic number: 14:643:435
[    0.689160] rtc_cmos rtc_cmos: setting system clock to 2022-03-24 14:25:44 UTC (1648131944)
[    0.690389] BIOS EDD facility v0.16 2004-Jun-25, 0 devices found
[    0.691324] EDD information not available.
[    0.915756] Freeing unused kernel memory: 1492K
[    0.916423] Write protecting the kernel read-only data: 14336k
[    0.917407] Freeing unused kernel memory: 1584K
[    0.918111] Freeing unused kernel memory: 52K
Loading, please wait...
starting version 229
[    0.932005] random: systemd-udevd: uninitialized urandom read (16 bytes read, 2 bits of entropy available)
[    0.932304] random: udevadm: uninitialized urandom read (16 bytes read, 2 bits of entropy available)
[    0.932314] random: udevadm: uninitialized urandom read (16 bytes read, 2 bits of entropy available)
[    0.935578] random: systemd-udevd: uninitialized urandom read (16 bytes read, 2 bits of entropy available)
[    0.936819] random: systemd-udevd: uninitialized urandom read (16 bytes read, 2 bits of entropy available)
[    0.937208] random: udevadm: uninitialized urandom read (16 bytes read, 2 bits of entropy available)
[    0.937233] random: udevadm: uninitialized urandom read (16 bytes read, 2 bits of entropy available)
[    0.937310] random: udevadm: uninitialized urandom read (16 bytes read, 2 bits of entropy available)
[    0.937336] random: udevadm: uninitialized urandom read (16 bytes read, 2 bits of entropy available)
[    0.937361] random: udevadm: uninitialized urandom read (16 bytes read, 2 bits of entropy available)
[    0.960710] Fusion MPT base driver 3.04.20
[    0.961298] Copyright (c) 1999-2008 LSI Corporation
[    0.962673] e1000: Intel(R) PRO/1000 Network Driver - version 7.3.21-k8-NAPI
[    0.963505] e1000: Copyright (c) 1999-2006 Intel Corporation.
[    0.966338] Fusion MPT SPI Host driver 3.04.20
[    0.969520] mptbase: ioc0: Initiating bringup
[    0.971893] AVX2 version of gcm_enc/dec engaged.
[    0.972504] AES CTR mode by8 optimization enabled
[    1.324919] input: ImExPS/2 Generic Explorer Mouse as /devices/platform/i8042/serio1/input/input4
[    1.340531] ioc0: LSI53C1030 A0: Capabilities={Initiator}
[    3.106473] scsi host2: ioc0: LSI53C1030 A0, FwRev=00000000h, Ports=1, MaxQ=256, IRQ=20
[    4.408643] scsi 2:0:0:0: Direct-Access     VBOX     HARDDISK         1.0  PQ: 0 ANSI: 5
[    4.417389] scsi target2:0:0: Beginning Domain Validation
[    4.418825] scsi target2:0:0: Domain Validation skipping write tests
[    4.419616] scsi target2:0:0: Ending Domain Validation
[    4.420293] scsi target2:0:0: asynchronous
[    4.421196] scsi 2:0:1:0: Direct-Access     VBOX     HARDDISK         1.0  PQ: 0 ANSI: 5
[    4.422263] scsi target2:0:1: Beginning Domain Validation
[    4.423725] scsi target2:0:1: Domain Validation skipping write tests
[    4.424512] scsi target2:0:1: Ending Domain Validation
[    4.425200] scsi target2:0:1: asynchronous
[    4.429582] sd 2:0:0:0: [sda] 83886080 512-byte logical blocks: (42.9 GB/40.0 GiB)
[    4.430685] sd 2:0:0:0: Attached scsi generic sg0 type 0
[    4.431545] sd 2:0:1:0: [sdb] 20480 512-byte logical blocks: (10.5 MB/10.0 MiB)
[    4.431571] sd 2:0:0:0: [sda] Write Protect is off
[    4.433217] sd 2:0:0:0: [sda] Incomplete mode parameter data
[    4.433282] sd 2:0:1:0: [sdb] Write Protect is off
[    4.433344] sd 2:0:1:0: [sdb] Incomplete mode parameter data
[    4.433345] sd 2:0:1:0: [sdb] Assuming drive cache: write through
[    4.439093] sd 2:0:1:0: Attached scsi generic sg1 type 0
[    4.454977] sd 2:0:0:0: [sda] Assuming drive cache: write through
[    4.456673]  sda: sda1
[    4.457458] sd 2:0:0:0: [sda] Attached SCSI disk
[    4.459838] sd 2:0:1:0: [sdb] Attached SCSI disk
[    4.974509] e1000 0000:00:03.0 eth0: (PCI:33MHz:32-bit) 02:be:82:6b:cc:1d
[    4.975387] e1000 0000:00:03.0 eth0: Intel(R) PRO/1000 Network Connection
[    5.464116] e1000 0000:00:08.0 eth1: (PCI:33MHz:32-bit) 08:00:27:dd:8e:85
[    5.464985] e1000 0000:00:08.0 eth1: Intel(R) PRO/1000 Network Connection
[    5.466385] e1000 0000:00:08.0 enp0s8: renamed from eth1
[    5.476015] e1000 0000:00:03.0 enp0s3: renamed from eth0
Begin: Loading essential drivers ... [    6.762440] md: linear personality registered for level -1
[    6.764246] md: multipath personality registered for level -4
[    6.766056] md: raid0 personality registered for level 0
[    6.768567] md: raid1 personality registered for level 1
[    6.835513] raid6: sse2x1   gen()  7468 MB/s
[    6.903907] raid6: sse2x1   xor() 13334 MB/s
[    6.971511] raid6: sse2x2   gen() 14028 MB/s
[    7.041692] raid6: sse2x2   xor() 18460 MB/s
[    7.108134] raid6: sse2x4   gen() 20958 MB/s
[    7.175670] raid6: sse2x4   xor() 12632 MB/s
[    7.247870] raid6: avx2x1   gen() 18106 MB/s
[    7.316272] raid6: avx2x2   gen() 24714 MB/s
[    7.383685] raid6: avx2x4   gen() 37409 MB/s
[    7.384306] raid6: using algorithm avx2x4 gen() 37409 MB/s
[    7.384999] raid6: using avx2x2 recovery algorithm
[    7.386244] xor: automatically using best checksumming function:
[    7.423748]    avx       : 18873.000 MB/sec
[    7.425027] async_tx: api initialized (async)
[    7.430444] md: raid6 personality registered for level 6
[    7.431148] md: raid5 personality registered for level 5
[    7.431908] md: raid4 personality registered for level 4
[    7.435990] md: raid10 personality registered for level 10
done.
Begin: Running /scripts/init-premount ... done.
Begin: Mounting root file system ... Begin: Running /scripts/local-top ... done.
Begin: Running /scripts/local-premount ... [    7.453380] Btrfs loaded
Scanning for Btrfs filesystems
done.
Warning: fsck not present, so skipping root file system
[    7.470363] EXT4-fs (sda1): mounted filesystem with ordered data mode. Opts: (null)
done.
Begin: Running /scripts/local-bottom ... done.
Begin: Running /scripts/init-bottom ... done.
[    7.533655] systemd[1]: systemd 229 running in system mode. (+PAM +AUDIT +SELINUX +IMA +APPARMOR +SMACK +SYSVINIT +UTMP +LIBCRYPTSETUP +GCRYPT +GNUTLS +ACL +XZ -LZ4 +SECCOMP +BLKID +ELFUTILS +KMOD -IDN)
[    7.535806] systemd[1]: Detected virtualization oracle.
[    7.536495] systemd[1]: Detected architecture x86-64.

Welcome to [1mUbuntu 16.04.7 LTS[0m!

[    7.538923] systemd[1]: Set hostname to <ubuntu>.
[    7.540668] systemd[1]: Initializing machine ID from random generator.
[    7.541487] systemd[1]: Installed transient /etc/machine-id file.
[    7.619679] systemd[1]: Reached target System Time Synchronized.
[[0;32m  OK  [0m] Reached target System Time Synchronized.
[    7.627188] systemd[1]: Listening on Journal Socket (/dev/log).
[[0;32m  OK  [0m] Listening on Journal Socket (/dev/log).
[    7.628437] systemd[1]: Listening on /dev/initctl Compatibility Named Pipe.
[[0;32m  OK  [0m] Listening on /dev/initctl Compatibility Named Pipe.
[    7.629891] systemd[1]: Listening on Journal Audit Socket.
[[0;32m  OK  [0m] Listening on Journal Audit Socket.
[    7.631096] systemd[1]: Listening on udev Control Socket.
[[0;32m  OK  [0m] Listening on udev Control Socket.
[    7.632700] systemd[1]: Listening on Syslog Socket.
[[0;32m  OK  [0m] Listening on Syslog Socket.
[    7.639145] systemd[1]: Listening on LVM2 poll daemon socket.
[[0;32m  OK  [0m] Listening on LVM2 poll daemon socket.
[    7.640646] systemd[1]: Set up automount Arbitrary Executable File Formats File System Automount Point.
[[0;32m  OK  [0m] Set up automount Arbitrary Executab...ats File System Automount Point.
[    7.642647] systemd[1]: Started Trigger resolvconf update for networkd DNS.
[[0;32m  OK  [0m] Started Trigger resolvconf update for networkd DNS.
[    7.644186] systemd[1]: Listening on Device-mapper event daemon FIFOs.
[[0;32m  OK  [0m] Listening on Device-mapper event daemon FIFOs.
[    7.645640] systemd[1]: Listening on fsck to fsckd communication Socket.
[[0;32m  OK  [0m] Listening on fsck to fsckd communication Socket.
[    7.647313] systemd[1]: Created slice System Slice.
[[0;32m  OK  [0m] Created slice System Slice.
[    7.648529] systemd[1]: Reached target User and Group Name Lookups.
[[0;32m  OK  [0m] Reached target User and Group Name Lookups.
[    7.649943] systemd[1]: Started Forward Password Requests to Wall Directory Watch.
[[0;32m  OK  [0m] Started Forward Password Requests to Wall Directory Watch.
[    7.651697] systemd[1]: Reached target Swap.
[[0;32m  OK  [0m] Reached target Swap.
[    7.652768] systemd[1]: Reached target Encrypted Volumes.
[[0;32m  OK  [0m] Reached target Encrypted Volumes.
[    7.654039] systemd[1]: Listening on udev Kernel Socket.
[[0;32m  OK  [0m] Listening on udev Kernel Socket.
[    7.655292] systemd[1]: Listening on LVM2 metadata daemon socket.
[[0;32m  OK  [0m] Listening on LVM2 metadata daemon socket.
[    7.656864] systemd[1]: Created slice system-serial\x2dgetty.slice.
[[0;32m  OK  [0m] Created slice system-serial\x2dgetty.slice.
[    7.658429] systemd[1]: Created slice User and Session Slice.
[[0;32m  OK  [0m] Created slice User and Session Slice.
[    7.659748] systemd[1]: Reached target Slices.
[[0;32m  OK  [0m] Reached target Slices.
[    7.660911] systemd[1]: Listening on Journal Socket.
[[0;32m  OK  [0m] Listening on Journal Socket.
[    7.672048] systemd[1]: Mounting POSIX Message Queue File System...
         Mounting POSIX Message Queue File System...
[    7.674561] systemd[1]: Starting Monitoring of LVM2 mirrors, snapshots etc. using dmeventd or progress polling...
         Starting Monitoring of LVM2 mirrors... dmeventd or progress polling...
[    7.677390] systemd[1]: Starting Nameserver information manager...
         Starting Nameserver information manager...
[    7.680706] systemd[1]: Starting File System Check on Root Device...
         Starting File System Check on Root Device...
[    7.682486] systemd[1]: Starting Create list of required static device nodes for the current kernel...
         Starting Create list of required st... nodes for the current kernel...
[    7.684916] systemd[1]: Mounting Debug File System...
         Mounting Debug File System...
[    7.686841] systemd[1]: Starting Uncomplicated firewall...
         Starting Uncomplicated firewall...
[    7.689922] systemd[1]: Starting Set console keymap...
         Starting Set console keymap...
[    7.692275] systemd[1]: Starting Load Kernel Modules...
         Starting Load Kernel Modules...
[    7.693941] systemd[1]: Mounting Huge Pages File System...
         Mounting Huge Pages File System...
[    7.695785] systemd[1]: Starting Journal Service...
         Starting Journal Service...
[    7.700487] Loading iSCSI transport class v2.0-870.
[    7.701164] systemd[1]: Mounted Huge Pages File System.
[[0;32m  OK  [0m] Mounted Huge Pages File System.
[    7.702564] systemd[1]: Mounted POSIX Message Queue File System.
[[0;32m  OK  [0m] Mounted POSIX Message Queue File System.
[    7.704037] systemd[1]: Mounted Debug File System.
[[0;32m  OK  [0m] Mounted Debug File System.
[    7.705837] systemd[1]: Started Create list of required static device nodes for the current kernel.
[[0;32m  OK  [0m] Started Create list of required sta...ce nodes for the current kernel.
[    7.708661] systemd[1]: Started Uncomplicated firewall.
[[0;32m  OK  [0m] Started Uncomplicated firewall.
[    7.710761] systemd[1]: Started LVM2 metadata daemon.
[[0;32m  OK  [0m] Started LVM2 metadata daemon.
[    7.712442] systemd[1]: Started File System Check Daemon to report status.
[[0;32m  OK  [0m] Started File System Check Daemon to report status.
[    7.714439] systemd[1]: Starting Create Static Device Nodes in /dev...
         Starting Create Static Device Nodes in /dev...
[    7.718384] iscsi: registered transport (tcp)
[    7.719688] systemd[1]: Started Nameserver information manager.
[[0;32m  OK  [0m] Started Nameserver information manager.
[    7.729842] systemd[1]: Started File System Check on Root Device.
[[0;32m  OK  [0m] Started File System Check on Root Device.
[    7.731650] systemd[1]: Starting Remount Root and Kernel File Systems...
         Starting Remount Root and Kernel File Systems...
[    7.735871] EXT4-fs (sda1): re-mounted. Opts: (null)
[    7.737473] systemd[1]: Started Remount Root and Kernel File Systems.
[[0;32m  OK  [0m] Started Remount Root and Kernel File Systems.
[    7.739300] systemd[1]: Starting Load/Save Random Seed...
         Starting Load/Save Random Seed...
[    7.742794] systemd[1]: Starting udev Coldplug all Devices...
         Starting udev Coldplug all Devices...
[    7.744505] systemd[1]: Started Load/Save Random Seed.
[[0;32m  OK  [0m] Started Load/Save Random Seed.
[    7.749477] systemd[1]: Started Create Static Device Nodes in /dev.
[[0;32m  OK  [0m] Started Create Static Device Nodes in /dev.
[    7.751380] systemd[1]: Starting udev Kernel Device Manager...
         Starting udev Kernel Device Manager...
[    7.768943] systemd[1]: Started Journal Service.
[[0;32m  OK  [0m] Started Journal Service.
         Starting Flush Journal to Persistent Storage...
[    7.773565] systemd-journald[401]: Received request to flush runtime journal from PID 1
[[0;32m  OK  [0m] Started Set console keymap.
[[0;32m  OK  [0m] Started Flush Journal to Persistent Storage.
[[0;32m  OK  [0m] Started udev Coldplug all Devices.
[[0;32m  OK  [0m] Started udev Kernel Device Manager.
[    7.787528] iscsi: registered transport (iser)
[[0;32m  OK  [0m] Started Dispatch Password Requests to Console Directory Watch.
[[0;32m  OK  [0m] Started Load Kernel Modules.
[    7.814184] ACPI: Video Device [GFX0] (multi-head: yes  rom: no  post: no)
         Starting Apply Kernel Variables...
[    7.816958] input: Video Bus as /devices/LNXSYSTM:00/LNXSYBUS:00/PNP0A03:00/LNXVIDEO:00/input/input5
         Mounting FUSE Control File System...
[[0;32m  OK  [0m] Mounted FUSE Control File System.
[[0;32m  OK  [0m] Started Apply Kernel Variables.
[[0;32m  OK  [0m] Found device /dev/ttyS0.
[[0;32m  OK  [0m] Listening on Load/Save RF Kill Switch Status /dev/rfkill Watch.
[[0;32m  OK  [0m] Started Monitoring of LVM2 mirrors,...ng dmeventd or progress polling.
[[0;32m  OK  [0m] Reached target Local File Systems (Pre).
[[0;32m  OK  [0m] Reached target Local File Systems.
         Starting Commit a transient machine-id on disk...
         Starting Create Volatile Files and Directories...
         Starting Set console font and keymap...
         Starting LSB: AppArmor initialization...
         Starting Tell Plymouth To Write Out Runtime Data...
         Starting Initial cloud-init job (pre-networking)...
[[0;32m  OK  [0m] Started Create Volatile Files and Directories.
         Starting Update UTMP about System Boot/Shutdown...
[[0;32m  OK  [0m] Started Commit a transient machine-id on disk.
[[0;32m  OK  [0m] Started Update UTMP about System Boot/Shutdown.
[[0;32m  OK  [0m] Started Tell Plymouth To Write Out Runtime Data.
[[0;32m  OK  [0m] Started Set console font and keymap.
[[0;32m  OK  [0m] Created slice system-getty.slice.
[    9.070261] cloud-init[653]: Cloud-init v. 21.1-19-gbad84ad4-0ubuntu1~16.04.2 running 'init-local' at Thu, 24 Mar 2022 14:25:52 +0000. Up 8.70 seconds.
[[0;32m  OK  [0m] Started Initial cloud-init job (pre-networking).
[[0;32m  OK  [0m] Reached target Network (Pre).
[[0;32m  OK  [0m] Started LSB: AppArmor initialization.
         Starting Load AppArmor profiles managed internally by snapd...
         Starting Raise network interfaces...
[[0;32m  OK  [0m] Started Load AppArmor profiles managed internally by snapd.
[[0;32m  OK  [0m] Started Raise network interfaces.
         Starting Initial cloud-init job (metadata service crawler)...
[[0;32m  OK  [0m] Reached target Network.
[    9.967962] cloud-init[970]: Cloud-init v. 21.1-19-gbad84ad4-0ubuntu1~16.04.2 running 'init' at Thu, 24 Mar 2022 14:25:53 +0000. Up 9.62 seconds.
[    9.969065] cloud-init[970]: ci-info: ++++++++++++++++++++++++++++++++++++++Net device info+++++++++++++++++++++++++++++++++++++++
[    9.970012] cloud-init[970]: ci-info: +--------+-------+----------------------------+---------------+--------+-------------------+
[    9.981780] cloud-init[970]: ci-info: | Device |   Up  |          Address           |      Mask     | Scope  |     Hw-Address    |
[    9.984281] cloud-init[970]: ci-info: +--------+-------+----------------------------+---------------+--------+-------------------+
[    9.985159] cloud-init[970]: ci-info: | enp0s3 |  True |         10.0.2.15          | 255.255.255.0 | global | 02:be:82:6b:cc:1d |
[    9.986045] cloud-init[970]: ci-info: | enp0s3 |  True | fe80::be:82ff:fe6b:cc1d/64 |       .       |  link  | 02:be:82:6b:cc:1d |
[    9.986939] cloud-init[970]: ci-info: | enp0s8 | False |             .              |       .       |   .    | 08:00:27:dd:8e:85 |
[    9.987824] cloud-init[970]: ci-info: |   lo   |  True |         127.0.0.1          |   255.0.0.0   |  host  |         .         |
[    9.988701] cloud-init[970]: ci-info: |   lo   |  True |          ::1/128           |       .       |  host  |         .         |
[    9.989578] cloud-init[970]: ci-info: +--------+-------+----------------------------+---------------+--------+-------------------+
[    9.990445] cloud-init[970]: ci-info: +++++++++++++++++++++++++++Route IPv4 info++++++++++++++++++++++++++++
[    9.991196] cloud-init[970]: ci-info: +-------+-------------+----------+---------------+-----------+-------+
[    9.991978] cloud-init[970]: ci-info: | Route | Destination | Gateway  |    Genmask    | Interface | Flags |
[    9.992768] cloud-init[970]: ci-info: +-------+-------------+----------+---------------+-----------+-------+
[    9.993544] cloud-init[970]: ci-info: |   0   |   0.0.0.0   | 10.0.2.2 |    0.0.0.0    |   enp0s3  |   UG  |
[   10.000698] cloud-init[970]: ci-info: |   1   |   10.0.2.0  | 0.0.0.0  | 255.255.255.0 |   enp0s3  |   U   |
[   10.001653] cloud-init[970]: ci-info: +-------+-------------+----------+---------------+-----------+-------+
[   10.002506] cloud-init[970]: ci-info: +++++++++++++++++++Route IPv6 info+++++++++++++++++++
[   10.003208] cloud-init[970]: ci-info: +-------+-------------+---------+-----------+-------+
[   10.003890] cloud-init[970]: ci-info: | Route | Destination | Gateway | Interface | Flags |
[   10.012421] cloud-init[970]: ci-info: +-------+-------------+---------+-----------+-------+
[   10.013118] cloud-init[970]: ci-info: |   0   |  fe80::/64  |    ::   |   enp0s3  |   U   |
[   10.013941] cloud-init[970]: ci-info: |   3   |   ff00::/8  |    ::   |   enp0s3  |   U   |
[   10.014615] cloud-init[970]: ci-info: +-------+-------------+---------+-----------+-------+
[   10.015305] cloud-init[970]: Generating public/private rsa key pair.
[   10.015897] cloud-init[970]: Your identification has been saved in /etc/ssh/ssh_host_rsa_key.
[   10.016589] cloud-init[970]: Your public key has been saved in /etc/ssh/ssh_host_rsa_key.pub.
[   10.017288] cloud-init[970]: The key fingerprint is:
[   10.025157] cloud-init[970]: SHA256:dx7UN2TXVMI4gpp/kDEL2emwJj8giZxCqQlCa6/v9Dw root@ubuntu-xenial
[   10.025990] cloud-init[970]: The key's randomart image is:
[   10.026540] cloud-init[970]: +---[RSA 2048]----+
[   10.027088] cloud-init[970]: |...    o o   o.+*|
[   10.027617] cloud-init[970]: |oo.   + * . o.+.o|
[   10.028143] cloud-init[970]: |*=..   B = ......|
[   10.028624] cloud-init[970]: |*o+ o = =  .   ..|
[   10.036852] cloud-init[970]: |.  o = .S.. o    |
[   10.037382] cloud-init[970]: |  .   o ...o .   |
[   10.037918] cloud-init[970]: | . .   . .  .    |
[   10.038451] cloud-init[970]: |  o oE           |
[   10.038947] cloud-init[970]: |  .o o.          |
[   10.039432] cloud-init[970]: +----[SHA256]-----+
[   10.039940] cloud-init[970]: Generating public/private dsa key pair.
[   10.040541] cloud-init[970]: Your identification has been saved in /etc/ssh/ssh_host_dsa_key.
[   10.041240] cloud-init[970]: Your public key has been saved in /etc/ssh/ssh_host_dsa_key.pub.
[   10.041945] cloud-init[970]: The key fingerprint is:
[   10.042458] cloud-init[970]: SHA256:KOHDfIFvcljhGej5yB0u7WC60wJMwsw3xC3v8dRPis0 root@ubuntu-xenial
[   10.043190] cloud-init[970]: The key's randomart image is:
[   10.043726] cloud-init[970]: +---[DSA 1024]----+
[   10.044220] cloud-init[970]: |  . ..o          |
[   10.044706] cloud-init[970]: |   +.+ +         |
[   10.045183] cloud-init[970]: |+ ..=.= .        |
[   10.052510] cloud-init[970]: |.= *oB.+ . .     |
[   10.053040] cloud-init[970]: |+ ..@*X.S +      |
[   10.053604] cloud-init[970]: |..  *O=o E .     |
[   10.054142] cloud-init[970]: | . + +           |
[   10.054660] cloud-init[970]: |  + . .          |
[   10.055159] cloud-init[970]: |  .+             |
[   10.055666] cloud-init[970]: +----[SHA256]-----+
[   10.056169] cloud-init[970]: Generating public/private ecdsa key pair.
[   10.056756] cloud-init[970]: Your identification has been saved in /etc/ssh/ssh_host_ecdsa_key.
[   10.057434] cloud-init[970]: Your public key has been saved in /etc/ssh/ssh_host_ecdsa_key.pub.
[   10.058141] cloud-init[970]: The key fingerprint is:
[   10.058813] cloud-init[970]: SHA256:vpvktOH+OvyObAyNb3ls1eYMcXrFEZgbNTm5AGmvrO8 root@ubuntu-xenial
[   10.058975] cloud-init[970]: The key's randomart image is:
[   10.059115] cloud-init[970]: +---[ECDSA 256]---+
[   10.059272] cloud-init[970]: |           .o +++|
[   10.059404] cloud-init[970]: |           o = =.|
[   10.059551] cloud-init[970]: |          . . +.+|
[   10.059632] cloud-init[970]: |            .o..o|
[   10.059777] cloud-init[970]: |       oS . .= . |
[   10.059851] cloud-init[970]: |      o..  o+ +  |
[   10.059925] cloud-init[970]: |       ==o.. *   |
[   10.059999] cloud-init[970]: |       *OB+   o  |
[   10.060072] cloud-init[970]: |       +%X*E     |
[   10.060383] cloud-init[970]: +----[SHA256]-----+
[   10.060445] cloud-init[970]: Generating public/private ed25519 key pair.
[   10.060593] cloud-init[970]: Your identification has been saved in /etc/ssh/ssh_host_ed25519_key.
[   10.060742] cloud-init[970]: Your public key has been saved in /etc/ssh/ssh_host_ed25519_key.pub.
[   10.060879] cloud-init[970]: The key fingerprint is:
[   10.061027] cloud-init[970]: SHA256:LuIJj5CkYssmDBuK/lLYlhbGqlybIOlfwS5GmmykTgE root@ubuntu-xenial
[   10.061184] cloud-init[970]: The key's randomart image is:
[   10.061251] cloud-init[970]: +--[ED25519 256]--+
[   10.061323] cloud-init[970]: |                 |
[   10.061396] cloud-init[970]: |                 |
[   10.061482] cloud-init[970]: |E .              |
[   10.061621] cloud-init[970]: |.  +.            |
[   10.061695] cloud-init[970]: | ==.oo  S        |
[   10.061770] cloud-init[970]: |@==B. ..         |
[   10.061843] cloud-init[970]: |/XBo+o. .        |
[   10.061916] cloud-init[970]: |&BoBoo .         |
[   10.061992] cloud-init[970]: |+==o+            |
[   10.062078] cloud-init[970]: +----[SHA256]-----+
[[0;32m  OK  [0m] Started Initial cloud-init job (metadata service crawler).
[[0;32m  OK  [0m] Reached target System Initialization.
[[0;32m  OK  [0m] Started Daily apt download activities.
         Starting Socket activation for snappy daemon.
[[0;32m  OK  [0m] Started Ubuntu Advantage update messaging.
         Starting LXD - unix socket.
[[0;32m  OK  [0m] Started Daily Cleanup of Temporary Directories.
[[0;32m  OK  [0m] Listening on UUID daemon activation socket.
[[0;32m  OK  [0m] Listening on D-Bus System Message Bus Socket.
[[0;32m  OK  [0m] Started Message of the Day.
[[0;32m  OK  [0m] Started ACPI Events Check.
[[0;32m  OK  [0m] Reached target Paths.
[[0;32m  OK  [0m] Started Daily apt upgrade and clean activities.
[[0;32m  OK  [0m] Reached target Timers.
[[0;32m  OK  [0m] Listening on ACPID Listen Socket.
[[0;32m  OK  [0m] Reached target Cloud-config availability.
[[0;32m  OK  [0m] Reached target Network is Online.
         Starting iSCSI initiator daemon (iscsid)...
[[0;32m  OK  [0m] Listening on Socket activation for snappy daemon.
[[0;32m  OK  [0m] Listening on LXD - unix socket.
[[0;32m  OK  [0m] Reached target Sockets.
[[0;32m  OK  [0m] Reached target Basic System.
[[0;32m  OK  [0m] Started Regular background program processing daemon.
         Starting Pollinate to seed the pseudo random number generator...
         Starting System Logging Service...
[[0;32m  OK  [0m] Started FUSE filesystem for LXC.
         Starting Login Service...
         Starting Accounts Service...
[[0;32m  OK  [0m] Started Deferred execution scheduler.
         Starting LSB: Record successful boot for GRUB...
         Starting LXD - container startup/shutdown...
         Starting Virtualbox guest utils...
         Starting LSB: MD monitoring daemon...
[[0;32m  OK  [0m] Started ACPI event daemon.
         Starting /etc/rc.local Compatibility...
[[0;32m  OK  [0m] Started D-Bus System Message Bus.
         Starting Snap Daemon...
[[0;32m  OK  [0m] Started System Logging Service.
[[0;32m  OK  [0m] Started /etc/rc.local Compatibility.
[[0;32m  OK  [0m] Started iSCSI initiator daemon (iscsid).
         Starting Login to default iSCSI targets...
[[0;32m  OK  [0m] Started LSB: Record successful boot for GRUB.
[[0;32m  OK  [0m] Started LSB: MD monitoring daemon.
[[0;32m  OK  [0m] Started Login Service.
[[0;32m  OK  [0m] Started Unattended Upgrades Shutdown.
[[0;32m  OK  [0m] Started Login to default iSCSI targets.
[[0;32m  OK  [0m] Started Virtualbox guest utils.
[[0;32m  OK  [0m] Reached target Remote File Systems (Pre).
[[0;32m  OK  [0m] Reached target Remote File Systems.
         Starting Permit User Sessions...
         Starting LSB: Set the CPU Frequency Scaling governor to "ondemand"...
         Starting LSB: automatic crash report generation...
         Starting LSB: daemon to balance interrupts for SMP systems...
         Starting Authenticate and Authorize Users to Run Privileged Tasks...
[[0;32m  OK  [0m] Started Permit User Sessions.
         Starting Terminate Plymouth Boot Screen...
         Starting Hold until boot process finishes up...
[[0;32m  OK  [0m] Started Hold until boot process finishes up.
[[0;32m  OK  [0m] Started LSB: Set the CPU Frequency Scaling governor to "ondemand".
[[0;32m  OK  [0m] Started Serial Getty on ttyS0.
[[0;32m  OK  [0m] Started Getty on tty1.
[[0;32m  OK  [0m] Reached target Login Prompts.
         Starting Set console scheme...
[[0;32m  OK  [0m] Started Terminate Plymouth Boot Screen.
[[0;32m  OK  [0m] Started Set console scheme.
[[0;32m  OK  [0m] Started LSB: daemon to balance interrupts for SMP systems.
[[0;32m  OK  [0m] Started Authenticate and Authorize Users to Run Privileged Tasks.
[[0;32m  OK  [0m] Started Accounts Service.
[[0;32m  OK  [0m] Started LSB: automatic crash report generation.
[[0;32m  OK  [0m] Started LXD - container startup/shutdown.
[[0;32m  OK  [0m] Started Snap Daemon.
         Starting Wait until snapd is fully seeded...
[[0;32m  OK  [0m] Started Pollinate to seed the pseudo random number generator.
         Starting OpenBSD Secure Shell server...
[[0;32m  OK  [0m] Started OpenBSD Secure Shell server.
[[0;32m  OK  [0m] Started Wait until snapd is fully seeded.
         Starting Apply the settings specified in cloud-config...
[[0;32m  OK  [0m] Reached target Multi-User System.
[[0;32m  OK  [0m] Reached target Graphical Interface.
         Starting Update UTMP about System Runlevel Changes...
[[0;32m  OK  [0m] Started Update UTMP about System Runlevel Changes.
[   11.371537] cloud-init[1313]: Generating locales (this might take a while)...
[   11.954973] cloud-init[1313]:   en_US.UTF-8... done
[   11.956686] cloud-init[1313]: Generation complete.
[   12.203657] cloud-init[1313]: Cloud-init v. 21.1-19-gbad84ad4-0ubuntu1~16.04.2 running 'modules:config' at Thu, 24 Mar 2022 14:25:55 +0000. Up 11.26 seconds.
[[0;32m  OK  [0m] Created slice User Slice of vagrant.
         Starting User Manager for UID 1000...
[[0;32m  OK  [0m] Started Session 1 of user vagrant.
[[0;32m  OK  [0m] Started Apply the settings specified in cloud-config.
         Starting Execute cloud user/final scripts...
[[0;32m  OK  [0m] Started User Manager for UID 1000.
ci-info: no authorized SSH keys fingerprints found for user ubuntu.
<14>Mar 24 14:25:56 ec2: 
<14>Mar 24 14:25:56 ec2: #############################################################
<14>Mar 24 14:25:56 ec2: -----BEGIN SSH HOST KEY FINGERPRINTS-----
<14>Mar 24 14:25:56 ec2: 1024 SHA256:KOHDfIFvcljhGej5yB0u7WC60wJMwsw3xC3v8dRPis0 root@ubuntu-xenial (DSA)
<14>Mar 24 14:25:56 ec2: 256 SHA256:vpvktOH+OvyObAyNb3ls1eYMcXrFEZgbNTm5AGmvrO8 root@ubuntu-xenial (ECDSA)
<14>Mar 24 14:25:56 ec2: 256 SHA256:LuIJj5CkYssmDBuK/lLYlhbGqlybIOlfwS5GmmykTgE root@ubuntu-xenial (ED25519)
<14>Mar 24 14:25:56 ec2: 2048 SHA256:dx7UN2TXVMI4gpp/kDEL2emwJj8giZxCqQlCa6/v9Dw root@ubuntu-xenial (RSA)
<14>Mar 24 14:25:56 ec2: -----END SSH HOST KEY FINGERPRINTS-----
<14>Mar 24 14:25:56 ec2: #############################################################
-----BEGIN SSH HOST KEY KEYS-----
ecdsa-sha2-nistp256 AAAAE2VjZHNhLXNoYTItbmlzdHAyNTYAAAAIbmlzdHAyNTYAAABBBLdguVO2s3c4payeHznhKtNa5WW+kfYu2ED8bDBbXphZGn7gkFZr0FgE/QEo//JuPhxxhV8hFa16/iW5stQSQZw= root@ubuntu-xenial
ssh-ed25519 AAAAC3NzaC1lZDI1NTE5AAAAIClS+gj6Z/5N6FPCJ/iYSop+hlZyWUgFNtmu+HD5ZHQu root@ubuntu-xenial
ssh-rsa AAAAB3NzaC1yc2EAAAADAQABAAABAQDCOA1qddn1Y5p2sQ4XWaTha7+AIRR+5AcpoBxQNQT0kGmuCNJhdNZy4pDm1gQOLGi4swtDigpE+/uiinuBgtKXwTOMGFOkgynITf3rNFG+Hqh2RMZ4N/uG2lvAiafz6KGAzTNlfwkOAQRDCITAy6iJQsWCCXQwQn7yERuR5UYahK+Yd/1RfpmolvsQg2FCE1cdFpQMJ8QEgNatExd9NdvMOLx70AXdVZDswOuGUjWEoZiD5w80KsyziflFfyCRGvjbuAgz/4Fe/gMqtRefdT5LLzKzV4XhWhn5RYl3KgoXomj698hGvR7VUQY/zsD3Gpi21cMqbr6tQhe8J4JAT3wH root@ubuntu-xenial
-----END SSH HOST KEY KEYS-----
[   12.742205] cloud-init[1364]: Cloud-init v. 21.1-19-gbad84ad4-0ubuntu1~16.04.2 running 'modules:final' at Thu, 24 Mar 2022 14:25:56 +0000. Up 12.52 seconds.
[   12.743443] cloud-init[1364]: ci-info: no authorized SSH keys fingerprints found for user ubuntu.
[   12.744334] cloud-init[1364]: Cloud-init v. 21.1-19-gbad84ad4-0ubuntu1~16.04.2 finished at Thu, 24 Mar 2022 14:25:56 +0000. Datasource DataSourceNoCloud [seed=/dev/sdb][dsmode=net].  Up 12.73 seconds
[[0;32m  OK  [0m] Started Execute cloud user/final scripts.
[[0;32m  OK  [0m] Reached target Cloud-init target.

Ubuntu 16.04.7 LTS ubuntu-xenial ttyS0

ubuntu-xenial login:          Stopping Authenticate and Authorize Users to Run Privileged Tasks...
[[0;32m  OK  [0m] Stopped target Graphical Interface.
[[0;32m  OK  [0m] Closed Load/Save RF Kill Switch Status /dev/rfkill Watch.
[[0;32m  OK  [0m] Stopped target Timers.
[[0;32m  OK  [0m] Stopped Ubuntu Advantage update messaging.
[[0;32m  OK  [0m] Stopped Daily Cleanup of Temporary Directories.
         Stopping Session 3 of user vagrant.
         Stopping Accounts Service...
[[0;32m  OK  [0m] Stopped Daily apt upgrade and clean activities.
[[0;32m  OK  [0m] Stopped Daily apt download activities.
[[0;32m  OK  [0m] Stopped Message of the Day.
[[0;32m  OK  [0m] Stopped target System Time Synchronized.
         Stopping ACPI event daemon...
         Stopping User Manager for UID 1000...
[[0;32m  OK  [0m] Stopped target Cloud-init target.
[[0;32m  OK  [0m] Stopped Execute cloud user/final scripts.
[[0;32m  OK  [0m] Stopped target Multi-User System.
         Stopping LSB: Record successful boot for GRUB...
         Stopping Virtualbox guest utils...
         Stopping OpenBSD Secure Shell server...
         Stopping LSB: automatic crash report generation...
         Stopping LSB: MD monitoring daemon...
         Stopping D-Bus System Message Bus...
         Stopping LXD - container startup/shutdown...
         Stopping LSB: Set the CPU Frequency Scaling governor to "ondemand"...
         Stopping System Logging Service...
         Stopping LSB: Apache2 web server...
         Stopping LSB: daemon to balance interrupts for SMP systems...
         Stopping Regular background program processing daemon...
         Stopping Deferred execution scheduler...
[[0;32m  OK  [0m] Stopped target Login Prompts.
         Stopping Getty on tty1...
] Stopped Apply the settings specified in cloud-config.
[[0;32m  OK  [0m] Stopped target Cloud-config availability.
[[0;32m  OK  [0m] Stopped Wait until snapd is fully seeded.
[[0;32m  OK  [0m] Unmounted /var/lib/lxcfs.
[[0;32m  OK  [0m] Stopped Regular background program processing daemon.
[[0;32m  OK  [0m] Stopped System Logging Service.
[[0;32m  OK  [0m] Stopped Accounts Service.
[[0;32m  OK  [0m] Stopped Deferred execution scheduler.
[[0;32m  OK  [0m] Stopped Authenticate and Authorize Users to Run Privileged Tasks.
[[0;32m  OK  [0m] Stopped Serial Getty on ttyS0.
[[0;32m  OK  [0m] Stopped Getty on tty1.
[[0;32m  OK  [0m] Stopped OpenBSD Secure Shell server.
[[0;32m  OK  [0m] Stopped User Manager for UID 1000.
[[0;32m  OK  [0m] Stopped Session 3 of user vagrant.
[[0;32m  OK  [0m] Stopped D-Bus System Message Bus.
[[0;32m  OK  [0m] Stopped FUSE filesystem for LXC.
[[0;32m  OK  [0m] Stopped LSB: MD monitoring daemon.
[[0;32m  OK  [0m] Stopped LSB: Record successful boot for GRUB.
[[0;32m  OK  [0m] Stopped ACPI event daemon.
[[0;32m  OK  [0m] Stopped LXD - container startup/shutdown.
[[0;32m  OK  [0m] Stopped LSB: daemon to balance interrupts for SMP systems.
[[0;32m  OK  [0m] Stopped Virtualbox guest utils.
[[0;32m  OK  [0m] Removed slice User Slice of vagrant.
         Stopping Login Service...
[[0;32m  OK  [0m] Removed slice system-getty.slice.
         Stopping Permit User Sessions...
[[0;32m  OK  [0m] Removed slice system-serial\x2dgetty.slice.
[[0;32m  OK  [0m] Stopped /etc/rc.local Compatibility.
[[0;32m  OK  [0m] Stopped LSB: automatic crash report generation.
[[0;32m  OK  [0m] Stopped LSB: Set the CPU Frequency Scaling governor to "ondemand".
[[0;32m  OK  [0m] Stopped Permit User Sessions.
[[0;32m  OK  [0m] Stopped Login Service.
[[0;32m  OK  [0m] Stopped target User and Group Name Lookups.
[[0;32m  OK  [0m] Stopped LSB: Apache2 web server.
[[0;32m  OK  [0m] Stopped target Remote File Systems.
         Unmounting /var/www/html...
[[0;32m  OK  [0m] Stopped target Basic System.
[[0;32m  OK  [0m] Stopped target Slices.
[[0;32m  OK  [0m] Removed slice User and Session Slice.
[[0;32m  OK  [0m] Stopped target Sockets.
[[0;32m  OK  [0m] Closed Syslog Socket.
[[0;32m  OK  [0m] Closed D-Bus System Message Bus Socket.
[[0;32m  OK  [0m] Closed ACPID Listen Socket.
[[0;32m  OK  [0m] Closed Socket activation for snappy daemon.
[[0;32m  OK  [0m] Closed UUID daemon activation socket.
[[0;32m  OK  [0m] Closed LXD - unix socket.
[[0;32m  OK  [0m] Stopped target Paths.
[[0;32m  OK  [0m] Stopped ACPI Events Check.
[[0;32m  OK  [0m] Stopped target System Initialization.
[[0;32m  OK  [0m] Stopped target Swap.
         Stopping Load/Save Random Seed...
[[0;32m  OK  [0m] Stopped target Encrypted Volumes.
[[0;32m  OK  [0m] Stopped Create Volatile Files and Directories.
[[0;32m  OK  [0m] Stopped Commit a transient machine-id on disk.
[[0;32m  OK  [0m] Stopped Dispatch Password Requests to Console Directory Watch.
[[0;32m  OK  [0m] Stopped Forward Password Requests to Wall Directory Watch.
[[0;32m  OK  [0m] Stopped Load/Save Random Seed.
[[0;32m  OK  [0m] Unmounted /var/www/html.
[[0;32m  OK  [0m] Stopped target Remote File Systems (Pre).
         Stopping Login to default iSCSI targets...
[[0;32m  OK  [0m] Stopped Login to default iSCSI targets.
         Stopping iSCSI initiator daemon (iscsid)...
[[0;32m  OK  [0m] Stopped iSCSI initiator daemon (iscsid).
[[0;32m  OK  [0m] Stopped target Network is Online.
[[0;32m  OK  [0m] Stopped target Network.
[[0;32m  OK  [0m] Stopped Initial cloud-init job (metadata service crawler).
         Stopping Raise network interfaces...
[[0;32m  OK  [0m] Stopped Raise network interfaces.
[[0;32m  OK  [0m] Stopped target Network (Pre).
[[0;32m  OK  [0m] Stopped Initial cloud-init job (pre-networking).
[[0;32m  OK  [0m] Stopped Apply Kernel Variables.
[[0;32m  OK  [0m] Stopped Load Kernel Modules.
[[0;32m  OK  [0m] Stopped target Local File Systems.
         Unmounting /run/user/1000...
[[0;32m  OK  [0m] Unmounted /run/user/1000.
[[0;32m  OK  [0m] Reached target Unmount All Filesystems.
[[0;32m  OK  [0m] Stopped target Local File Systems (Pre).
[[0;32m  OK  [0m] Stopped Remount Root and Kernel File Systems.
[[0;32m  OK  [0m] Stopped Create Static Device Nodes in /dev.
[[0;32m  OK  [0m] Reached target Shutdown.
[  279.725801] reboot: Power down
